<?xml version="1.0" encoding="UTF-8"?>
<testsuite xmlns:xsi="http://www.w3.org/2001/XMLSchema-instance" xsi:noNamespaceSchemaLocation="https://maven.apache.org/surefire/maven-surefire-plugin/xsd/surefire-test-report.xsd" version="3.0.2" name="com.souza.gestaopessoas2026.Gestaopessoas2026ApplicationTests" time="3.302" tests="1" errors="0" skipped="0" failures="0" flakes="0">
  <properties>
[...]
</properties>
  <testcase name="contextLoads" classname="com.souza.gestaopessoas2026.Gestaopessoas2026ApplicationTests" time="0.897">
    <system-out><![CDATA[21:39:54.488 [main] INFO org.springframework.test.context.support.AnnotationConfigContextLoaderUtils -- Could not detect default configuration classes for test class [com.souza.gestaopessoas2026.Gestaopessoas2026ApplicationTests]: Gestaopessoas2026ApplicationTests does not declare any static, non-private, non-final, nested classes annotated with @Configuration.
21:39:54.628 [main] INFO org.springframework.boot.test.context.SpringBootTestContextBootstrapper -- Found @SpringBootConfiguration com.souza.gestaopessoas2026.Gestaopessoas2026Application for test class com.souza.gestaopessoas2026.Gestaopessoas2026ApplicationTests
21:39:54.751 [main] INFO org.springframework.test.context.support.AnnotationConfigContextLoaderUtils -- Could not detect default configuration classes for test class [com.souza.gestaopessoas2026.Gestaopessoas2026ApplicationTests]: Gestaopessoas2026ApplicationTests does not declare any static, non-private, non-final, nested classes annotated with @Configuration.
21:39:54.753 [main] INFO org.springframework.boot.test.context.SpringBootTestContextBootstrapper -- Found @SpringBootConfiguration com.souza.gestaopessoas2026.Gestaopessoas2026Application for test class com.souza.gestaopessoas2026.Gestaopessoas2026ApplicationTests
21:39:54.843 [main] INFO org.springframework.boot.devtools.restart.RestartApplicationListener -- Restart disabled due to context in which it is running

  .   ____          _            __ _ _
 /\\ / ___'_ __ _ _(_)_ __  __ _ \ \ \ \
( ( )\___ | '_ | '_| | '_ \/ _` | \ \ \ \
 \\/  ___)| |_)| | | | | || (_| |  ) ) ) )
  '  |____| .__|_| |_|_| |_\__, | / / / /
 =========|_|==============|___/=/_/_/_/

 :: Spring Boot ::                (v4.0.6)

2026-06-08T21:39:55.236-03:00  INFO 4212 --- [gestaopessoas2026] [           main] c.s.g.Gestaopessoas2026ApplicationTests  : Starting Gestaopessoas2026ApplicationTests using Java 21.0.8 with PID 4212 (started by Souza in D:\if 5º periodo\PP\aula XV\gestaopessoas2026\gestaopessoas2026)
2026-06-08T21:39:55.238-03:00  INFO 4212 --- [gestaopessoas2026] [           main] c.s.g.Gestaopessoas2026ApplicationTests  : No active profile set, falling back to 1 default profile: "default"
2026-06-08T21:39:56.582-03:00  INFO 4212 --- [gestaopessoas2026] [           main] c.s.g.Gestaopessoas2026ApplicationTests  : Started Gestaopessoas2026ApplicationTests in 1.757 seconds (process running for 3.379)
]]></system-out>
    <system-err><![CDATA[Mockito is currently self-attaching to enable the inline-mock-maker. This will no longer work in future releases of the JDK. Please add Mockito as an agent to your build as described in Mockito's documentation: https://javadoc.io/doc/org.mockito/mockito-core/latest/org.mockito/org/mockito/Mockito.html#0.3
WARNING: A Java agent has been loaded dynamically (C:\Users\Souza\.m2\repository\net\bytebuddy\byte-buddy-agent\1.17.8\byte-buddy-agent-1.17.8.jar)
WARNING: If a serviceability tool is in use, please run with -XX:+EnableDynamicAgentLoading to hide this warning
WARNING: If a serviceability tool is not in use, please run with -Djdk.instrument.traceUsage for more information
WARNING: Dynamic loading of agents will be disallowed by default in a future release
]]></system-err>
  </testcase>
</testsuite>